c:\hope_registers\cardscanner\debug\vc143.pdb
c:\hope_registers\cardscanner\debug\vc143.idb
c:\hope_registers\cardscanner\debug\utils.obj
c:\hope_registers\cardscanner\debug\globals.obj
c:\hope_registers\cardscanner\debug\ctinterface.obj
c:\hope_registers\cardscanner\debug\cterror.obj
c:\hope_registers\cardscanner\debug\configuredialog.obj
c:\hope_registers\cardscanner\debug\cardscanner.obj
c:\hope_registers\cardscanner\debug\aboutdialog.obj
c:\hope_registers\cardscanner\debug\cardscanner.ilk
c:\hope_registers\cardscanner\debug\cardscanner.exe
c:\hope_registers\cardscanner\debug\cardscanner.pdb
c:\hope_registers\cardscanner\debug\cardscanner.res
c:\hope_registers\cardscanner\debug\cardscanner.vcxproj.cppwinrt_comp.rsp
c:\hope_registers\cardscanner\debug\cardscanner.vcxproj.cppwinrt_plat.rsp
c:\hope_registers\cardscanner\debug\cardscanner.vcxproj.mdmerge.rsp
c:\hope_registers\cardscanner\debug\cardscanner.vcxproj.midlrt.rsp
c:\hope_registers\cardscanner\debug\cardscanner.tlog\cl.command.1.tlog
c:\hope_registers\cardscanner\debug\cardscanner.tlog\cl.read.1.tlog
c:\hope_registers\cardscanner\debug\cardscanner.tlog\cl.write.1.tlog
c:\hope_registers\cardscanner\debug\cardscanner.tlog\link.command.1.tlog
c:\hope_registers\cardscanner\debug\cardscanner.tlog\link.read.1.tlog
c:\hope_registers\cardscanner\debug\cardscanner.tlog\link.write.1.tlog
c:\hope_registers\cardscanner\debug\cardscanner.tlog\rc.command.1.tlog
c:\hope_registers\cardscanner\debug\cardscanner.tlog\rc.read.1.tlog
c:\hope_registers\cardscanner\debug\cardscanner.tlog\rc.write.1.tlog
